<?xml version="1.0" encoding="UTF-8"?>
<testsuite errors="0"
           failures="0"
           name="JUnit Reporter"
           skipped="0"
           tests="2">
   <testcase classname="Average less than 1000ms" name="MEAN(.*) &lt; 1000"/>
   <testcase classname="Not more than 1 % sample errors" name="ERRORS(.*) &lt;= .01"/>
</testsuite>
